----------

Tue May 19 2020 01:42:55 GMT+0300 (Eastern European Summer Time)

To https://github.com/AngelikaAntsmae/angelikaantsmae.github.io.git
   30134e5..df35a49  master -> master


----------

Tue May 19 2020 01:43:49 GMT+0300 (Eastern European Summer Time)

To https://github.com/AngelikaAntsmae/angelikaantsmae.github.io.git
   df35a49..c87d665  master -> master


----------

Thu May 28 2020 21:29:02 GMT+0300 (Eastern European Summer Time)

To https://github.com/AngelikaAntsmae/angelikaantsmae.github.io.git
   c87d665..6abc7f7  master -> master


----------

Thu May 28 2020 21:29:50 GMT+0300 (Eastern European Summer Time)

To https://github.com/AngelikaAntsmae/angelikaantsmae.github.io.git
   6abc7f7..c9b7a0e  master -> master


----------

Thu May 28 2020 21:34:14 GMT+0300 (Eastern European Summer Time)

To https://github.com/AngelikaAntsmae/angelikaantsmae.github.io.git
   c9b7a0e..0383fbb  master -> master


----------

Thu May 28 2020 21:53:36 GMT+0300 (Eastern European Summer Time)

To https://github.com/AngelikaAntsmae/angelikaantsmae.github.io.git
   0383fbb..d0f9968  master -> master


----------

Mon Oct 12 2020 16:20:08 GMT+0300 (GMT+03:00)

To https://github.com/AngelikaAntsmae/angelikaantsmae.github.io.git
   d0f9968..5259682  master -> master


----------

Mon Oct 12 2020 16:20:49 GMT+0300 (GMT+03:00)

To https://github.com/AngelikaAntsmae/angelikaantsmae.github.io.git
   5259682..a7c4133  master -> master


